{"type":["init_ps"],"time":["2022-05-13 23:20:20"],"user":["Imran Mohammad"],"umph":[1652476820.5216],"ok":[true]}
,
{"type":["check_chunk"],"time":["2022-05-13 23:20:20"],"user":["Imran Mohammad"],"umph":[1652476820.6213],"ok":[false],"chunk":[1],"ex":[1],"e.ind":[1],"code":["\n1\n"],"message":["\nYou have not yet entered all correct commands in chunk 1_a."]}
,
{"type":["check_ps"],"time":["2022-05-13 23:20:36"],"user":["Imran Mohammad"],"umph":[1652476836.169],"ok":[true]}
,
{"type":["check_chunk"],"time":["2022-05-13 23:20:36"],"user":["Imran Mohammad"],"umph":[1652476836.2049],"ok":[true],"chunk":[1],"ex":[1],"e.ind":[0],"code":["\n2\n"],"message":[""]}
,
{"type":["check_chunk"],"time":["2022-05-13 23:20:36"],"user":["Imran Mohammad"],"umph":[1652476836.259],"ok":[false],"chunk":[2],"ex":[1],"e.ind":[1],"code":["\n# enter your code here ...\n"],"message":["\nYou have not yet entered all correct commands in chunk 1_b."]}
,
{"type":["check_ps"],"time":["2022-05-13 23:21:02"],"user":["Imran Mohammad"],"umph":[1652476862.2197],"ok":[true]}
,
{"type":["check_chunk"],"time":["2022-05-13 23:21:02"],"user":["Imran Mohammad"],"umph":[1652476862.2648],"ok":[true],"chunk":[2],"ex":[1],"e.ind":[0],"code":["\n\"nein\"\n"],"message":[""]}
,
{"type":["check_chunk"],"time":["2022-05-13 23:21:05"],"user":["Imran Mohammad"],"umph":[1652476865.9487],"ok":[false],"chunk":[3],"ex":[1],"e.ind":[2],"code":["thp <- read_csv(\"./data/THP_clean.csv\") %>%\n  select(newid, uc, depressed_1y, treat, age_baseline, age_baseline_sq, kids_no, famstruct_baseline, grandmother_baseline, edu_mo, edu_fa, employed_mo_baseline, incomeindex, depindex_0, mspss_tot)\n\n# enter your code here ...\n"],"message":["\nYou have not yet entered all correct commands in chunk 1_c."]}
,
{"type":["hint"],"time":["2022-05-13 23:21:58"],"user":["Imran Mohammad"],"umph":[1652476918.3297],"ok":[true],"chunk":[3],"ex":[1],"e.ind":[2]}
,
{"type":["check_ps"],"time":["2022-05-13 23:23:37"],"user":["Imran Mohammad"],"umph":[1652477017.9601],"ok":[true]}
,
{"type":["check_chunk"],"time":["2022-05-13 23:23:40"],"user":["Imran Mohammad"],"umph":[1652477020.5407],"ok":[true],"chunk":[3],"ex":[1],"e.ind":[0],"code":["thp <- read_csv(\"./data/THP_clean.csv\") %>%\n  select(newid, uc, depressed_1y, treat, age_baseline, age_baseline_sq, kids_no, famstruct_baseline, grandmother_baseline, edu_mo, edu_fa, employed_mo_baseline, incomeindex, depindex_0, mspss_tot)\n\nskim(thp)\n"],"message":[""]}
,
{"type":["check_chunk"],"time":["2022-05-13 23:23:40"],"user":["Imran Mohammad"],"umph":[1652477020.5976],"ok":[false],"chunk":[4],"ex":[1],"e.ind":[1],"code":["thp_plots <- thp %>%\n  mutate(treat_factor = as.factor(ifelse(treat == 1 , \"Treatment\", \"Kontrolle\")),\n         depressed = as.factor(ifelse(depressed_1y == 0, \"keine Depressionen\", \"Depressionen\"))) %>%\n  filter( !is.na(depressed)) \n#plot_prop_depression <- ggplot(___, aes(x = ___, fill = ___)) +\n#  geom_bar(position = \"fill\") +\n#  labs(x = NULL, y = \"Anteil an Depressionen\", fill = NULL) +\n#  scale_fill_manual(values = c(\"darkblue\", \"darkred\"))\n\n#plot_prop_depression\n\n# enter your code here ...\n"],"message":["\nYou have not yet made an assignment to plot_prop_depression in chunk 1_d."]}
,
{"type":["check_ps"],"time":["2022-05-13 23:27:29"],"user":["Imran Mohammad"],"umph":[1652477249.2035],"ok":[true]}
,
{"type":["check_chunk"],"time":["2022-05-13 23:27:29"],"user":["Imran Mohammad"],"umph":[1652477249.2969],"ok":[false],"chunk":[4],"ex":[1],"e.ind":[1],"code":["thp_plots <- thp %>%\n  mutate(treat_factor = as.factor(ifelse(treat == 1 , \"Treatment\", \"Kontrolle\")),\n         depressed = as.factor(ifelse(depressed_1y == 0, \"keine Depressionen\", \"Depressionen\"))) %>%\n  filter( !is.na(depressed)) \nplot_prop_depression <- ggplot(.PH_._, aes(x = .PH_._, fill = .PH_._)) +\n  geom_bar(position = \"fill\") +\n  labs(x = NULL, y = \"Anteil an Depressionen\", fill = NULL) +\n  scale_fill_manual(values = c(\"darkblue\", \"darkred\"))\n\nplot_prop_depression\n"],"message":["\nYou have not made a correct assignment to plot_prop_depression in chunk 1_d."]}
,
{"type":["hint"],"time":["2022-05-13 23:27:35"],"user":["Imran Mohammad"],"umph":[1652477255.9054],"ok":[true],"chunk":[4],"ex":[1],"e.ind":[1]}
,
{"type":["check_ps"],"time":["2022-05-13 23:29:16"],"user":["Imran Mohammad"],"umph":[1652477356.1025],"ok":[true]}
,
{"type":["check_chunk"],"time":["2022-05-13 23:29:16"],"user":["Imran Mohammad"],"umph":[1652477356.2372],"ok":[false],"chunk":[4],"ex":[1],"e.ind":[1],"code":["thp_plots <- thp %>%\n  mutate(treat_factor = as.factor(ifelse(treat == 1 , \"Treatment\", \"Kontrolle\")),\n         depressed = as.factor(ifelse(depressed_1y == 0, \"keine Depressionen\", \"Depressionen\"))) %>%\n  filter( !is.na(depressed)) \nplot_prop_depression <- ggplot(thp_plots, aes(x = .PH_._, fill = .PH_._)) +\n  geom_bar(position = \"fill\") +\n  labs(x = NULL, y = \"Anteil an Depressionen\", fill = NULL) +\n  scale_fill_manual(values = c(\"darkblue\", \"darkred\"))\n\nplot_prop_depression\n"],"message":["\nYou have not made a correct assignment to plot_prop_depression in chunk 1_d."]}
,
{"type":["hint"],"time":["2022-05-13 23:29:25"],"user":["Imran Mohammad"],"umph":[1652477365.648],"ok":[true],"chunk":[4],"ex":[1],"e.ind":[1]}
,
{"type":["check_ps"],"time":["2022-05-13 23:31:27"],"user":["Imran Mohammad"],"umph":[1652477487.6427],"ok":[true]}
,
{"type":["check_chunk"],"time":["2022-05-13 23:31:27"],"user":["Imran Mohammad"],"umph":[1652477487.8293],"ok":[false],"chunk":[4],"ex":[1],"e.ind":[1],"code":["thp_plots <- thp %>%\n  mutate(treat_factor = as.factor(ifelse(treat == 1 , \"Treatment\", \"Kontrolle\")),\n         depressed = as.factor(ifelse(depressed_1y == 0, \"keine Depressionen\", \"Depressionen\"))) %>%\n  filter( !is.na(depressed)) \nplot_prop_depression <- ggplot(thp_plots, aes(x = depressed, fill = .PH_._)) +\n  geom_bar(position = \"fill\") +\n  labs(x = NULL, y = \"Anteil an Depressionen\", fill = NULL) +\n  scale_fill_manual(values = c(\"darkblue\", \"darkred\"))\n\nplot_prop_depression\n"],"message":["\nYou have not made a correct assignment to plot_prop_depression in chunk 1_d."]}
,
{"type":["check_ps"],"time":["2022-05-13 23:31:38"],"user":["Imran Mohammad"],"umph":[1652477498.0657],"ok":[true]}
,
{"type":["check_chunk"],"time":["2022-05-13 23:31:38"],"user":["Imran Mohammad"],"umph":[1652477498.2266],"ok":[false],"chunk":[4],"ex":[1],"e.ind":[1],"code":["thp_plots <- thp %>%\n  mutate(treat_factor = as.factor(ifelse(treat == 1 , \"Treatment\", \"Kontrolle\")),\n         depressed = as.factor(ifelse(depressed_1y == 0, \"keine Depressionen\", \"Depressionen\"))) %>%\n  filter( !is.na(depressed)) \nplot_prop_depression <- ggplot(thp_plots, aes(x = depressed, fill = .PH_._)) +\n  geom_bar(position = \"fill\") +\n  labs(x = NULL, y = \"Anteil an Depressionen\", fill = NULL) +\n  scale_fill_manual(values = c(\"darkblue\", \"darkred\"))\n\nplot_prop_depression\n"],"message":["\nYou have not made a correct assignment to plot_prop_depression in chunk 1_d."]}
,
{"type":["hint"],"time":["2022-05-13 23:31:45"],"user":["Imran Mohammad"],"umph":[1652477505.9498],"ok":[true],"chunk":[4],"ex":[1],"e.ind":[1]}
,
{"type":["check_ps"],"time":["2022-05-13 23:34:02"],"user":["Imran Mohammad"],"umph":[1652477642.4686],"ok":[true]}
,
{"type":["check_chunk"],"time":["2022-05-13 23:34:02"],"user":["Imran Mohammad"],"umph":[1652477642.8964],"ok":[true],"chunk":[4],"ex":[1],"e.ind":[0],"code":["thp_plots <- thp %>%\n  mutate(treat_factor = as.factor(ifelse(treat == 1 , \"Treatment\", \"Kontrolle\")),\n         depressed = as.factor(ifelse(depressed_1y == 0, \"keine Depressionen\", \"Depressionen\"))) %>%\n  filter( !is.na(depressed)) \nplot_prop_depression <- ggplot(thp_plots, aes(x = depressed, fill = treat_factor)) +\n  geom_bar(position = \"fill\") +\n  labs(x = NULL, y = \"Anteil an Depressionen\", fill = NULL) +\n  scale_fill_manual(values = c(\"darkblue\", \"darkred\"))\n\nplot_prop_depression\n"],"message":[""]}
,
{"type":["check_chunk"],"time":["2022-05-13 23:34:03"],"user":["Imran Mohammad"],"umph":[1652477643.3088],"ok":[false],"chunk":[5],"ex":[1],"e.ind":[1],"code":["\n# enter your code here ...\n"],"message":["\nYou have not yet entered all correct commands in chunk 1_e."]}
,
{"type":["check_ps"],"time":["2022-05-13 23:36:02"],"user":["Imran Mohammad"],"umph":[1652477762.8823],"ok":[true]}
,
{"type":["check_chunk"],"time":["2022-05-13 23:36:02"],"user":["Imran Mohammad"],"umph":[1652477762.9198],"ok":[false],"chunk":[5],"ex":[1],"e.ind":[1],"code":["\n\"nein\"\n"],"message":["\nYou have not yet entered all correct commands in chunk 1_e."]}
,
{"type":["check_ps"],"time":["2022-05-13 23:36:16"],"user":["Imran Mohammad"],"umph":[1652477776.8907],"ok":[true]}
,
{"type":["check_chunk"],"time":["2022-05-13 23:36:16"],"user":["Imran Mohammad"],"umph":[1652477776.9217],"ok":[true],"chunk":[5],"ex":[1],"e.ind":[0],"code":["\n\"ja\"\n"],"message":[""]}
,
{"type":["check_chunk"],"time":["2022-05-13 23:36:16"],"user":["Imran Mohammad"],"umph":[1652477776.9546],"ok":[false],"chunk":[6],"ex":[1],"e.ind":[1],"code":["\n# enter your code here ...\n"],"message":["\nYou have not yet entered all correct commands in chunk 1_f."]}
,
{"type":["check_ps"],"time":["2022-05-13 23:36:55"],"user":["Imran Mohammad"],"umph":[1652477815.8116],"ok":[true]}
,
{"type":["check_chunk"],"time":["2022-05-13 23:36:55"],"user":["Imran Mohammad"],"umph":[1652477815.8526],"ok":[false],"chunk":[6],"ex":[1],"e.ind":[1],"code":["\n\"überschätzen\"\n"],"message":["\nYou have not yet entered all correct commands in chunk 1_f."]}
,
{"type":["check_ps"],"time":["2022-05-13 23:37:19"],"user":["Imran Mohammad"],"umph":[1652477839.6282],"ok":[true]}
,
{"type":["check_chunk"],"time":["2022-05-13 23:37:19"],"user":["Imran Mohammad"],"umph":[1652477839.6642],"ok":[false],"chunk":[6],"ex":[1],"e.ind":[1],"code":["\n\"unterschätzen\"\n"],"message":["\nYou have not yet entered all correct commands in chunk 1_f."]}
,
{"type":["check_ps"],"time":["2022-05-13 23:37:32"],"user":["Imran Mohammad"],"umph":[1652477852.0625],"ok":[true]}
,
{"type":["check_chunk"],"time":["2022-05-13 23:37:32"],"user":["Imran Mohammad"],"umph":[1652477852.0907],"ok":[false],"chunk":[6],"ex":[1],"e.ind":[1],"code":["\n\"überschätzen\"\n"],"message":["\nYou have not yet entered all correct commands in chunk 1_f."]}
,
{"type":["check_ps"],"time":["2022-05-13 23:37:56"],"user":["Imran Mohammad"],"umph":[1652477876.2605],"ok":[true]}
,
{"type":["check_chunk"],"time":["2022-05-13 23:37:56"],"user":["Imran Mohammad"],"umph":[1652477876.2892],"ok":[false],"chunk":[6],"ex":[1],"e.ind":[1],"code":["\n\"unterschätzen\"\n"],"message":["\nYou have not yet entered all correct commands in chunk 1_f."]}
,
{"type":["hint"],"time":["2022-05-13 23:38:55"],"user":["Imran Mohammad"],"umph":[1652477935.8042],"ok":[true],"chunk":[6],"ex":[1],"e.ind":[1]}
,
{"type":["check_ps"],"time":["2022-05-13 23:39:25"],"user":["Imran Mohammad"],"umph":[1652477965.4054],"ok":[true]}
,
{"type":["check_chunk"],"time":["2022-05-13 23:39:25"],"user":["Imran Mohammad"],"umph":[1652477965.4563],"ok":[false],"chunk":[6],"ex":[1],"e.ind":[1],"code":["\n\"überschätzen\"\n"],"message":["\nYou have not yet entered all correct commands in chunk 1_f."]}
,
{"type":["check_ps"],"time":["2022-05-13 23:39:36"],"user":["Imran Mohammad"],"umph":[1652477976.7516],"ok":[true]}
,
{"type":["check_chunk"],"time":["2022-05-13 23:39:36"],"user":["Imran Mohammad"],"umph":[1652477976.7925],"ok":[false],"chunk":[6],"ex":[1],"e.ind":[1],"code":["\n\"unterschätzen\"\n"],"message":["\nYou have not yet entered all correct commands in chunk 1_f."]}
,
{"type":["check_ps"],"time":["2022-05-13 23:40:41"],"user":["Imran Mohammad"],"umph":[1652478041.9334],"ok":[true]}
,
{"type":["check_chunk"],"time":["2022-05-13 23:40:42"],"user":["Imran Mohammad"],"umph":[1652478042.1389],"ok":[true],"chunk":[7],"ex":[1],"e.ind":[0],"code":["thp %>% \n  pivot_longer(cols = -treat, names_to = \"variable\", values_to = \"value\") %>%\n  group_nest(variable) %>%\n  mutate(t.test = map(data, ~tidy(t.test(value ~ treat, data = .x)))) %>%\n  unnest(t.test) %>%\n  mutate( Mean_Treatment = round(estimate2, 2),\n          Mean_Kontrolle = round(estimate1, 2),\n    Differenz = round(estimate, 4),\n          Signifikanz = round(p.value,4)) %>%\n  select(variable, Mean_Treatment, Mean_Kontrolle, Differenz, Signifikanz)"],"message":[""]}
,
{"type":["check_chunk"],"time":["2022-05-13 23:40:42"],"user":["Imran Mohammad"],"umph":[1652478042.1702],"ok":[false],"chunk":[8],"ex":[1],"e.ind":[1],"code":["\n# enter your code here ...\n"],"message":["\nYou have not yet entered all correct commands in chunk 1_g."]}
,
{"type":["check_ps"],"time":["2022-05-13 23:41:22"],"user":["Imran Mohammad"],"umph":[1652478082.608],"ok":[true]}
,
{"type":["check_chunk"],"time":["2022-05-13 23:41:22"],"user":["Imran Mohammad"],"umph":[1652478082.6369],"ok":[false],"chunk":[8],"ex":[1],"e.ind":[1],"code":["\n2\n"],"message":["\nYou have not yet entered all correct commands in chunk 1_g."]}
,
{"type":["check_ps"],"time":["2022-05-13 23:41:30"],"user":["Imran Mohammad"],"umph":[1652478090.7061],"ok":[true]}
,
{"type":["check_chunk"],"time":["2022-05-13 23:41:30"],"user":["Imran Mohammad"],"umph":[1652478090.7531],"ok":[false],"chunk":[8],"ex":[1],"e.ind":[1],"code":["\n1\n"],"message":["\nYou have not yet entered all correct commands in chunk 1_g."]}
,
{"type":["check_ps"],"time":["2022-05-13 23:41:48"],"user":["Imran Mohammad"],"umph":[1652478108.2201],"ok":[true]}
,
{"type":["check_chunk"],"time":["2022-05-13 23:41:48"],"user":["Imran Mohammad"],"umph":[1652478108.2531],"ok":[false],"chunk":[8],"ex":[1],"e.ind":[1],"code":["\n2\n"],"message":["\nYou have not yet entered all correct commands in chunk 1_g."]}
,
{"type":["check_ps"],"time":["2022-05-13 23:42:01"],"user":["Imran Mohammad"],"umph":[1652478121.9037],"ok":[true]}
,
{"type":["check_chunk"],"time":["2022-05-13 23:42:01"],"user":["Imran Mohammad"],"umph":[1652478121.9556],"ok":[true],"chunk":[8],"ex":[1],"e.ind":[0],"code":["\n3\n"],"message":[""]}
,
{"type":["check_chunk"],"time":["2022-05-13 23:42:02"],"user":["Imran Mohammad"],"umph":[1652478122.0446],"ok":[false],"chunk":[9],"ex":[1],"e.ind":[3],"code":["reg1 <- lm(depressed_1y ~ treat, data=thp)\nreg2 <- lm(depressed_1y ~ treat + depindex_0, data=thp)\n\n# enter your code here ...\n"],"message":["\nYou have not yet made an assignment to reg3 in chunk 1_h."]}
,
{"type":["check_ps"],"time":["2022-05-13 23:45:42"],"user":["Imran Mohammad"],"umph":[1652478342.7733],"ok":[true]}
,
{"type":["check_chunk"],"time":["2022-05-13 23:45:42"],"user":["Imran Mohammad"],"umph":[1652478342.8733],"ok":[false],"chunk":[9],"ex":[1],"e.ind":[3],"code":["reg1 <- lm(depressed_1y ~ treat, data=thp)\nreg2 <- lm(depressed_1y ~ treat + depindex_0, data=thp)\nreg3 <- lm(depressed_1y ~ treat + depindex_0, data=thp)\n"],"message":["\nYou have not made a correct assignment to reg3 in chunk 1_h."]}
,
{"type":["hint"],"time":["2022-05-13 23:45:49"],"user":["Imran Mohammad"],"umph":[1652478349.6792],"ok":[true],"chunk":[9],"ex":[1],"e.ind":[3]}
,
{"type":["check_ps"],"time":["2022-05-13 23:47:55"],"user":["Imran Mohammad"],"umph":[1652478475.0914],"ok":[true]}
,
{"type":["check_chunk"],"time":["2022-05-13 23:47:55"],"user":["Imran Mohammad"],"umph":[1652478475.1641],"ok":[false],"chunk":[9],"ex":[1],"e.ind":[3],"code":["reg1 <- lm(depressed_1y ~ treat, data=thp)\nreg2 <- lm(depressed_1y ~ treat + depindex_0, data=thp)\nreg3 <- lm(depressed_1y ~ treat + depindex_0 + age_baseline + age_baseline_sq + kids_no + famstruct_baseline + grandmother_baseline + edu_mo + edu_fa + employed_mo_baseline + mo_emp + incomeindex + mspss_tot, data=thp)\n"],"message":["\nYou have not made a correct assignment to reg3 in chunk 1_h."]}
,
{"type":["hint"],"time":["2022-05-13 23:48:03"],"user":["Imran Mohammad"],"umph":[1652478483.1648],"ok":[true],"chunk":[9],"ex":[1],"e.ind":[3]}
,
{"type":["hint"],"time":["2022-05-13 23:48:52"],"user":["Imran Mohammad"],"umph":[1652478532.762],"ok":[true],"chunk":[9],"ex":[1],"e.ind":[3]}
,
{"type":["check_ps"],"time":["2022-05-13 23:49:01"],"user":["Imran Mohammad"],"umph":[1652478541.7357],"ok":[true]}
,
{"type":["check_chunk"],"time":["2022-05-13 23:49:01"],"user":["Imran Mohammad"],"umph":[1652478541.8437],"ok":[true],"chunk":[9],"ex":[1],"e.ind":[0],"code":["reg1 <- lm(depressed_1y ~ treat, data=thp)\nreg2 <- lm(depressed_1y ~ treat + depindex_0, data=thp)\nreg3 <- lm(depressed_1y ~ treat + depindex_0 + age_baseline + age_baseline_sq + kids_no + famstruct_baseline + grandmother_baseline + edu_mo + edu_fa + employed_mo_baseline + incomeindex + mspss_tot, data=thp)\n"],"message":[""]}
,
{"type":["check_chunk"],"time":["2022-05-13 23:49:03"],"user":["Imran Mohammad"],"umph":[1652478543.3725],"ok":[true],"chunk":[10],"ex":[1],"e.ind":[0],"code":["stargazer( reg1, reg2, reg3 ,type = \"text\",  digits=2, omit.stat = c(\"f\",\"ser\"))"],"message":[""]}
,
{"type":["check_chunk"],"time":["2022-05-13 23:49:03"],"user":["Imran Mohammad"],"umph":[1652478543.4037],"ok":[false],"chunk":[11],"ex":[1],"e.ind":[1],"code":["\n# enter your code here ...\n"],"message":["\nYou have not yet entered all correct commands in chunk 1_i_2."]}
,
{"type":["check_ps"],"time":["2022-05-13 23:52:14"],"user":["Imran Mohammad"],"umph":[1652478734.7591],"ok":[true]}
,
{"type":["check_chunk"],"time":["2022-05-13 23:52:14"],"user":["Imran Mohammad"],"umph":[1652478734.7921],"ok":[false],"chunk":[11],"ex":[1],"e.ind":[1],"code":["\n(1.2)\n"],"message":["\nYou have not yet entered all correct commands in chunk 1_i_2."]}
,
{"type":["hint"],"time":["2022-05-13 23:52:19"],"user":["Imran Mohammad"],"umph":[1652478739.6049],"ok":[true],"chunk":[11],"ex":[1],"e.ind":[1]}
,
{"type":["check_ps"],"time":["2022-05-13 23:52:51"],"user":["Imran Mohammad"],"umph":[1652478771.6326],"ok":[true]}
,
{"type":["check_chunk"],"time":["2022-05-13 23:52:51"],"user":["Imran Mohammad"],"umph":[1652478771.6745],"ok":[false],"chunk":[11],"ex":[1],"e.ind":[1],"code":["\nc(1,2)\n"],"message":["\nYou have not yet entered all correct commands in chunk 1_i_2."]}
,
{"type":["hint"],"time":["2022-05-13 23:53:00"],"user":["Imran Mohammad"],"umph":[1652478780.8288],"ok":[true],"chunk":[11],"ex":[1],"e.ind":[1]}
,
{"type":["check_ps"],"time":["2022-05-13 23:53:24"],"user":["Imran Mohammad"],"umph":[1652478804.0932],"ok":[true]}
,
{"type":["check_chunk"],"time":["2022-05-13 23:53:24"],"user":["Imran Mohammad"],"umph":[1652478804.1309],"ok":[false],"chunk":[11],"ex":[1],"e.ind":[1],"code":["\nc(1,2,3,4)\n"],"message":["\nYou have not yet entered all correct commands in chunk 1_i_2."]}
,
{"type":["check_ps"],"time":["2022-05-13 23:53:32"],"user":["Imran Mohammad"],"umph":[1652478812.5517],"ok":[true]}
,
{"type":["check_chunk"],"time":["2022-05-13 23:53:32"],"user":["Imran Mohammad"],"umph":[1652478812.6057],"ok":[false],"chunk":[11],"ex":[1],"e.ind":[1],"code":["\nc(1,3,4)\n"],"message":["\nYou have not yet entered all correct commands in chunk 1_i_2."]}
,
{"type":["check_ps"],"time":["2022-05-13 23:53:40"],"user":["Imran Mohammad"],"umph":[1652478820.3469],"ok":[true]}
,
{"type":["check_chunk"],"time":["2022-05-13 23:53:40"],"user":["Imran Mohammad"],"umph":[1652478820.3819],"ok":[false],"chunk":[11],"ex":[1],"e.ind":[1],"code":["\nc(3,4)\n"],"message":["\nYou have not yet entered all correct commands in chunk 1_i_2."]}
,
{"type":["check_ps"],"time":["2022-05-13 23:53:49"],"user":["Imran Mohammad"],"umph":[1652478829.4603],"ok":[true]}
,
{"type":["check_chunk"],"time":["2022-05-13 23:53:49"],"user":["Imran Mohammad"],"umph":[1652478829.5003],"ok":[false],"chunk":[11],"ex":[1],"e.ind":[1],"code":["\nc(3,4)\n"],"message":["\nYou have not yet entered all correct commands in chunk 1_i_2."]}
,
{"type":["hint"],"time":["2022-05-13 23:53:58"],"user":["Imran Mohammad"],"umph":[1652478838.4592],"ok":[true],"chunk":[11],"ex":[1],"e.ind":[1]}
,
{"type":["check_ps"],"time":["2022-05-13 23:54:22"],"user":["Imran Mohammad"],"umph":[1652478862.8031],"ok":[true]}
,
{"type":["check_chunk"],"time":["2022-05-13 23:54:22"],"user":["Imran Mohammad"],"umph":[1652478862.8901],"ok":[false],"chunk":[11],"ex":[1],"e.ind":[1],"code":["\nc(4)\n"],"message":["\nYou have not yet entered all correct commands in chunk 1_i_2."]}
,
{"type":["hint"],"time":["2022-05-13 23:54:25"],"user":["Imran Mohammad"],"umph":[1652478865.46],"ok":[true],"chunk":[11],"ex":[1],"e.ind":[1]}
,
{"type":["check_ps"],"time":["2022-05-14 00:01:19"],"user":["Imran Mohammad"],"umph":[1652479279.4754],"ok":[true]}
,
{"type":["check_chunk"],"time":["2022-05-14 00:01:19"],"user":["Imran Mohammad"],"umph":[1652479279.5561],"ok":[false],"chunk":[11],"ex":[1],"e.ind":[1],"code":["\nc(1)\n"],"message":["\nYou have not yet entered all correct commands in chunk 1_i_2."]}
,
{"type":["check_ps"],"time":["2022-05-14 00:01:26"],"user":["Imran Mohammad"],"umph":[1652479286.7302],"ok":[true]}
,
{"type":["check_chunk"],"time":["2022-05-14 00:01:26"],"user":["Imran Mohammad"],"umph":[1652479286.8019],"ok":[false],"chunk":[11],"ex":[1],"e.ind":[1],"code":["\nc(2)\n"],"message":["\nYou have not yet entered all correct commands in chunk 1_i_2."]}
,
{"type":["check_ps"],"time":["2022-05-14 00:01:33"],"user":["Imran Mohammad"],"umph":[1652479293.8615],"ok":[true]}
,
{"type":["check_chunk"],"time":["2022-05-14 00:01:33"],"user":["Imran Mohammad"],"umph":[1652479293.9432],"ok":[false],"chunk":[11],"ex":[1],"e.ind":[1],"code":["\nc(2)\n"],"message":["\nYou have not yet entered all correct commands in chunk 1_i_2."]}
,
{"type":["check_ps"],"time":["2022-05-14 00:01:46"],"user":["Imran Mohammad"],"umph":[1652479306.6345],"ok":[true]}
,
{"type":["check_chunk"],"time":["2022-05-14 00:01:46"],"user":["Imran Mohammad"],"umph":[1652479306.6961],"ok":[false],"chunk":[11],"ex":[1],"e.ind":[1],"code":["\nc(1)\n"],"message":["\nYou have not yet entered all correct commands in chunk 1_i_2."]}
,
{"type":["check_ps"],"time":["2022-05-14 00:01:59"],"user":["Imran Mohammad"],"umph":[1652479319.3121],"ok":[true]}
,
{"type":["check_chunk"],"time":["2022-05-14 00:01:59"],"user":["Imran Mohammad"],"umph":[1652479319.415],"ok":[false],"chunk":[11],"ex":[1],"e.ind":[1],"code":["\nc(3)\n"],"message":["\nYou have not yet entered all correct commands in chunk 1_i_2."]}
,
{"type":["check_ps"],"time":["2022-05-14 00:02:11"],"user":["Imran Mohammad"],"umph":[1652479331.6442],"ok":[true]}
,
{"type":["check_chunk"],"time":["2022-05-14 00:02:11"],"user":["Imran Mohammad"],"umph":[1652479331.7009],"ok":[false],"chunk":[11],"ex":[1],"e.ind":[1],"code":["\nc(4)\n"],"message":["\nYou have not yet entered all correct commands in chunk 1_i_2."]}
,
{"type":["check_ps"],"time":["2022-05-14 00:02:24"],"user":["Imran Mohammad"],"umph":[1652479344.9272],"ok":[true]}
,
{"type":["check_chunk"],"time":["2022-05-14 00:02:24"],"user":["Imran Mohammad"],"umph":[1652479344.9858],"ok":[false],"chunk":[11],"ex":[1],"e.ind":[1],"code":["\nc(1,2)\n"],"message":["\nYou have not yet entered all correct commands in chunk 1_i_2."]}
,
{"type":["hint"],"time":["2022-05-14 00:02:37"],"user":["Imran Mohammad"],"umph":[1652479357.1846],"ok":[true],"chunk":[11],"ex":[1],"e.ind":[1]}
,
{"type":["check_ps"],"time":["2022-05-14 00:02:50"],"user":["Imran Mohammad"],"umph":[1652479370.0099],"ok":[true]}
,
{"type":["check_chunk"],"time":["2022-05-14 00:02:50"],"user":["Imran Mohammad"],"umph":[1652479370.0689],"ok":[false],"chunk":[11],"ex":[1],"e.ind":[1],"code":["\nc(1,2)\n"],"message":["\nYou have not yet entered all correct commands in chunk 1_i_2."]}
,
{"type":["check_ps"],"time":["2022-05-14 00:03:02"],"user":["Imran Mohammad"],"umph":[1652479382.274],"ok":[true]}
,
{"type":["check_chunk"],"time":["2022-05-14 00:03:02"],"user":["Imran Mohammad"],"umph":[1652479382.3289],"ok":[false],"chunk":[11],"ex":[1],"e.ind":[1],"code":["\nc(1,2,3)\n"],"message":["\nYou have not yet entered all correct commands in chunk 1_i_2."]}
,
{"type":["check_ps"],"time":["2022-05-14 00:03:09"],"user":["Imran Mohammad"],"umph":[1652479389.1725],"ok":[true]}
,
{"type":["check_chunk"],"time":["2022-05-14 00:03:09"],"user":["Imran Mohammad"],"umph":[1652479389.2055],"ok":[false],"chunk":[11],"ex":[1],"e.ind":[1],"code":["\nc(1,2,3,4)\n"],"message":["\nYou have not yet entered all correct commands in chunk 1_i_2."]}
,
{"type":["check_ps"],"time":["2022-05-14 00:03:14"],"user":["Imran Mohammad"],"umph":[1652479394.9529],"ok":[true]}
,
{"type":["check_chunk"],"time":["2022-05-14 00:03:14"],"user":["Imran Mohammad"],"umph":[1652479394.9929],"ok":[false],"chunk":[11],"ex":[1],"e.ind":[1],"code":["\nc(1,2,3,4)\n"],"message":["\nYou have not yet entered all correct commands in chunk 1_i_2."]}
,
{"type":["check_ps"],"time":["2022-05-14 00:03:32"],"user":["Imran Mohammad"],"umph":[1652479412.332],"ok":[true]}
,
{"type":["check_chunk"],"time":["2022-05-14 00:03:32"],"user":["Imran Mohammad"],"umph":[1652479412.407],"ok":[false],"chunk":[11],"ex":[1],"e.ind":[1],"code":["\nc(1,3)\n"],"message":["\nYou have not yet entered all correct commands in chunk 1_i_2."]}
,
{"type":["check_ps"],"time":["2022-05-14 00:03:38"],"user":["Imran Mohammad"],"umph":[1652479418.5437],"ok":[true]}
,
{"type":["check_chunk"],"time":["2022-05-14 00:03:38"],"user":["Imran Mohammad"],"umph":[1652479418.5857],"ok":[false],"chunk":[11],"ex":[1],"e.ind":[1],"code":["\nc(1,3)\n"],"message":["\nYou have not yet entered all correct commands in chunk 1_i_2."]}
,
{"type":["check_ps"],"time":["2022-05-14 00:03:48"],"user":["Imran Mohammad"],"umph":[1652479428.8925],"ok":[true]}
,
{"type":["check_chunk"],"time":["2022-05-14 00:03:48"],"user":["Imran Mohammad"],"umph":[1652479428.9245],"ok":[false],"chunk":[11],"ex":[1],"e.ind":[1],"code":["\nc(1,3,4)\n"],"message":["\nYou have not yet entered all correct commands in chunk 1_i_2."]}
,
{"type":["check_ps"],"time":["2022-05-14 00:03:57"],"user":["Imran Mohammad"],"umph":[1652479437.4147],"ok":[true]}
,
{"type":["check_chunk"],"time":["2022-05-14 00:03:57"],"user":["Imran Mohammad"],"umph":[1652479437.4477],"ok":[false],"chunk":[11],"ex":[1],"e.ind":[1],"code":["\nc(1,4)\n"],"message":["\nYou have not yet entered all correct commands in chunk 1_i_2."]}
,
{"type":["check_ps"],"time":["2022-05-14 00:04:16"],"user":["Imran Mohammad"],"umph":[1652479456.7885],"ok":[true]}
,
{"type":["check_chunk"],"time":["2022-05-14 00:04:16"],"user":["Imran Mohammad"],"umph":[1652479456.841],"ok":[false],"chunk":[11],"ex":[1],"e.ind":[1],"code":["\nc(2,3,4)\n"],"message":["\nYou have not yet entered all correct commands in chunk 1_i_2."]}
,
{"type":["check_ps"],"time":["2022-05-14 00:04:30"],"user":["Imran Mohammad"],"umph":[1652479470.7048],"ok":[true]}
,
{"type":["check_chunk"],"time":["2022-05-14 00:04:30"],"user":["Imran Mohammad"],"umph":[1652479470.7338],"ok":[false],"chunk":[11],"ex":[1],"e.ind":[1],"code":["\nc(3,4)\n"],"message":["\nYou have not yet entered all correct commands in chunk 1_i_2."]}
,
{"type":["check_ps"],"time":["2022-05-14 00:04:47"],"user":["Imran Mohammad"],"umph":[1652479487.5881],"ok":[true]}
,
{"type":["check_chunk"],"time":["2022-05-14 00:04:47"],"user":["Imran Mohammad"],"umph":[1652479487.637],"ok":[true],"chunk":[11],"ex":[1],"e.ind":[0],"code":["\nc(2,4)\n"],"message":[""]}
,
{"type":["check_chunk"],"time":["2022-05-14 00:04:47"],"user":["Imran Mohammad"],"umph":[1652479487.679],"ok":[false],"chunk":[12],"ex":[1],"e.ind":[1],"code":["\n# enter your code here ...\n"],"message":["\nYou have not yet entered all correct commands in chunk 1_j."]}
,
{"type":["check_ps"],"time":["2022-05-14 00:05:07"],"user":["Imran Mohammad"],"umph":[1652479507.9517],"ok":[true]}
,
{"type":["check_chunk"],"time":["2022-05-14 00:05:07"],"user":["Imran Mohammad"],"umph":[1652479507.9912],"ok":[false],"chunk":[12],"ex":[1],"e.ind":[1],"code":["\n1\n"],"message":["\nYou have not yet entered all correct commands in chunk 1_j."]}
,
{"type":["check_ps"],"time":["2022-05-14 00:05:17"],"user":["Imran Mohammad"],"umph":[1652479517.9166],"ok":[true]}
,
{"type":["check_chunk"],"time":["2022-05-14 00:05:17"],"user":["Imran Mohammad"],"umph":[1652479517.9516],"ok":[true],"chunk":[12],"ex":[1],"e.ind":[0],"code":["\n2\n"],"message":[""]}
,
{"type":["check_chunk"],"time":["2022-05-14 00:05:21"],"user":["Imran Mohammad"],"umph":[1652479521.4159],"ok":[true],"chunk":[13],"ex":[2],"e.ind":[0],"code":["library(AER)\ndata(Fertility)\nhead(Fertility)\nskim(Fertility)"],"message":[""]}
,
{"type":["check_chunk"],"time":["2022-05-14 00:05:21"],"user":["Imran Mohammad"],"umph":[1652479521.443],"ok":[false],"chunk":[14],"ex":[2],"e.ind":[1],"code":["\n# enter your code here ...\n"],"message":["\nYou have not yet entered all correct commands in chunk 2_a_2."]}
,
{"type":["check_ps"],"time":["2022-05-14 00:06:05"],"user":["Imran Mohammad"],"umph":[1652479565.837],"ok":[true]}
,
{"type":["check_chunk"],"time":["2022-05-14 00:06:05"],"user":["Imran Mohammad"],"umph":[1652479565.866],"ok":[false],"chunk":[14],"ex":[2],"e.ind":[1],"code":["\n1\n"],"message":["\nYou have not yet entered all correct commands in chunk 2_a_2."]}
,
{"type":["check_ps"],"time":["2022-05-14 00:06:14"],"user":["Imran Mohammad"],"umph":[1652479574.4171],"ok":[true]}
,
{"type":["check_chunk"],"time":["2022-05-14 00:06:14"],"user":["Imran Mohammad"],"umph":[1652479574.4741],"ok":[true],"chunk":[14],"ex":[2],"e.ind":[0],"code":["\n2\n"],"message":[""]}
,
{"type":["check_chunk"],"time":["2022-05-14 00:06:14"],"user":["Imran Mohammad"],"umph":[1652479574.9283],"ok":[false],"chunk":[15],"ex":[2],"e.ind":[1],"code":["Fertility <- Fertility %>%\n  mutate(work01 = case_when(work > 0 ~ 1,\n                            work == 0 ~ 0))\n\n# enter your code here ...\n\n\n# enter your code here ...\n"],"message":["\nYou have not yet made an assignment to reg1 in chunk 2_b."]}
,
{"type":["check_ps"],"time":["2022-05-14 00:07:16"],"user":["Imran Mohammad"],"umph":[1652479636.3855],"ok":[true]}
,
{"type":["check_chunk"],"time":["2022-05-14 00:07:16"],"user":["Imran Mohammad"],"umph":[1652479636.4904],"ok":[false],"chunk":[15],"ex":[2],"e.ind":[1],"code":["Fertility <- Fertility %>%\n  mutate(work01 = case_when(work > 0 ~ 1,\n                            work == 0 ~ 0))\n\n# enter your code here ...\n\n\n# enter your code here ...\n"],"message":["\nYou have not yet made an assignment to reg1 in chunk 2_b."]}
,
{"type":["hint"],"time":["2022-05-14 00:07:23"],"user":["Imran Mohammad"],"umph":[1652479643.3343],"ok":[true],"chunk":[15],"ex":[2],"e.ind":[1]}
,
{"type":["check_ps"],"time":["2022-05-14 00:09:42"],"user":["Imran Mohammad"],"umph":[1652479782.0648],"ok":[true]}
,
{"type":["check_chunk"],"time":["2022-05-14 00:09:43"],"user":["Imran Mohammad"],"umph":[1652479783.8845],"ok":[true],"chunk":[15],"ex":[2],"e.ind":[0],"code":["Fertility <- Fertility %>%\n  mutate(work01 = case_when(work > 0 ~ 1,\n                            work == 0 ~ 0))\n\nreg1 <- lm(work01 ~ morekids, data=Fertility)\n\n\nsummary(reg1)\n"],"message":[""]}
,
{"type":["check_chunk"],"time":["2022-05-14 00:09:43"],"user":["Imran Mohammad"],"umph":[1652479783.9085],"ok":[false],"chunk":[16],"ex":[2],"e.ind":[1],"code":["\n# enter your code here ...\n"],"message":["\nYou have not yet entered all correct commands in chunk 2_c."]}
,
{"type":["check_ps"],"time":["2022-05-14 00:10:05"],"user":["Imran Mohammad"],"umph":[1652479805.2986],"ok":[true]}
,
{"type":["check_chunk"],"time":["2022-05-14 00:10:05"],"user":["Imran Mohammad"],"umph":[1652479805.3295],"ok":[false],"chunk":[16],"ex":[2],"e.ind":[1],"code":["\n1\n"],"message":["\nYou have not yet entered all correct commands in chunk 2_c."]}
,
{"type":["check_ps"],"time":["2022-05-14 00:10:14"],"user":["Imran Mohammad"],"umph":[1652479814.1138],"ok":[true]}
,
{"type":["check_chunk"],"time":["2022-05-14 00:10:14"],"user":["Imran Mohammad"],"umph":[1652479814.1658],"ok":[true],"chunk":[16],"ex":[2],"e.ind":[0],"code":["\n2\n"],"message":[""]}
,
{"type":["check_chunk"],"time":["2022-05-14 00:10:14"],"user":["Imran Mohammad"],"umph":[1652479814.3317],"ok":[true],"chunk":[17],"ex":[2],"e.ind":[0],"code":["grViz('digraph G {\n\nx [label=\"erklärende Variable x\"]\ny [label=\"abhängige Variable y\"]\nz [label=\"Instrument z\"]\n\nx -> y [label=\"+\"];\nz -> x [label=\"+\"];\nz -> y [label=\"+\"];\n}')"],"message":[""]}
,
{"type":["check_chunk"],"time":["2022-05-14 00:10:14"],"user":["Imran Mohammad"],"umph":[1652479814.5222],"ok":[true],"chunk":[18],"ex":[2],"e.ind":[0],"code":["grViz('digraph G {\n\nx [label=\"erklärende Variable x\"]\ny [label=\"abhängige Variable y\"]\nz [label=\"Instrument z\"]\n\nx -> y [label=\"-\"];\nz -> y [label=\"+\"];\n}')"],"message":[""]}
,
{"type":["check_chunk"],"time":["2022-05-14 00:10:14"],"user":["Imran Mohammad"],"umph":[1652479814.6892],"ok":[true],"chunk":[19],"ex":[2],"e.ind":[0],"code":["grViz('digraph G {\n\nx [label=\"erklärende Variable x\"]\ny [label=\"abhängige Variable y\"]\nz [label=\"Instrument z\"]\n\nx -> y [label=\"-\"];\nz -> x [label=\"+\"];\n}')"],"message":[""]}
,
{"type":["check_chunk"],"time":["2022-05-14 00:10:14"],"user":["Imran Mohammad"],"umph":[1652479814.7568],"ok":[false],"chunk":[20],"ex":[2],"e.ind":[1],"code":["\n# enter your code here ...\n"],"message":["\nYou have not yet entered all correct commands in chunk 2_d_4."]}
,
{"type":["check_ps"],"time":["2022-05-14 00:11:32"],"user":["Imran Mohammad"],"umph":[1652479892.2953],"ok":[true]}
,
{"type":["check_chunk"],"time":["2022-05-14 00:11:32"],"user":["Imran Mohammad"],"umph":[1652479892.3503],"ok":[false],"chunk":[20],"ex":[2],"e.ind":[1],"code":["\n1\n"],"message":["\nYou have not yet entered all correct commands in chunk 2_d_4."]}
,
{"type":["check_ps"],"time":["2022-05-14 00:11:42"],"user":["Imran Mohammad"],"umph":[1652479902.8101],"ok":[true]}
,
{"type":["check_chunk"],"time":["2022-05-14 00:11:42"],"user":["Imran Mohammad"],"umph":[1652479902.8377],"ok":[false],"chunk":[20],"ex":[2],"e.ind":[1],"code":["\n2\n"],"message":["\nYou have not yet entered all correct commands in chunk 2_d_4."]}
,
{"type":["check_ps"],"time":["2022-05-14 00:11:49"],"user":["Imran Mohammad"],"umph":[1652479909.677],"ok":[true]}
,
{"type":["check_chunk"],"time":["2022-05-14 00:11:49"],"user":["Imran Mohammad"],"umph":[1652479909.706],"ok":[true],"chunk":[20],"ex":[2],"e.ind":[0],"code":["\n3\n"],"message":[""]}
,
{"type":["check_chunk"],"time":["2022-05-14 00:11:52"],"user":["Imran Mohammad"],"umph":[1652479912.2849],"ok":[true],"chunk":[21],"ex":[2],"e.ind":[0],"code":["Fertility <- Fertility %>%\n  mutate(morekids = ifelse(morekids== \"yes\", 1, 0)) %>%\n  mutate(afam = ifelse(afam== \"yes\", 1, 0)) %>%\n  mutate(same_sex = ifelse(gender1== gender2, 1, 0))\n  \nreg1 <-  Fertility %>%\n  lm(morekids ~ gender2, data=.)\n\nreg2 <- Fertility %>%\n  lm(morekids ~ afam, data=.)\n\n reg3 <- Fertility %>%\n  lm(morekids ~ same_sex, data=.)\n\n stargazer(reg1, reg2, reg3, type = \"text\", digits=3)"],"message":[""]}
,
{"type":["check_chunk"],"time":["2022-05-14 00:11:52"],"user":["Imran Mohammad"],"umph":[1652479912.3005],"ok":[false],"chunk":[22],"ex":[2],"e.ind":[1],"code":["\n# enter your code here ...\n"],"message":["\nYou have not yet entered all correct commands in chunk 2_e_2."]}
,
{"type":["check_ps"],"time":["2022-05-14 00:12:51"],"user":["Imran Mohammad"],"umph":[1652479971.6682],"ok":[true]}
,
{"type":["check_chunk"],"time":["2022-05-14 00:12:51"],"user":["Imran Mohammad"],"umph":[1652479971.7002],"ok":[false],"chunk":[22],"ex":[2],"e.ind":[1],"code":["\n2\n"],"message":["\nYou have not yet entered all correct commands in chunk 2_e_2."]}
,
{"type":["check_ps"],"time":["2022-05-14 00:12:58"],"user":["Imran Mohammad"],"umph":[1652479978.1263],"ok":[true]}
,
{"type":["check_chunk"],"time":["2022-05-14 00:12:58"],"user":["Imran Mohammad"],"umph":[1652479978.1501],"ok":[false],"chunk":[22],"ex":[2],"e.ind":[1],"code":["\n1\n"],"message":["\nYou have not yet entered all correct commands in chunk 2_e_2."]}
,
{"type":["check_ps"],"time":["2022-05-14 00:13:05"],"user":["Imran Mohammad"],"umph":[1652479985.0426],"ok":[true]}
,
{"type":["check_chunk"],"time":["2022-05-14 00:13:05"],"user":["Imran Mohammad"],"umph":[1652479985.0936],"ok":[true],"chunk":[22],"ex":[2],"e.ind":[0],"code":["\n3\n"],"message":[""]}
,
{"type":["check_chunk"],"time":["2022-05-14 00:13:06"],"user":["Imran Mohammad"],"umph":[1652479986.2207],"ok":[true],"chunk":[23],"ex":[2],"e.ind":[0],"code":["\nivreg(work01 ~ morekids | same_sex, data = Fertility) %>% \n  summary(diagnostics=TRUE)\n"],"message":[""]}
,
{"type":["check_chunk"],"time":["2022-05-14 00:13:07"],"user":["Imran Mohammad"],"umph":[1652479987.0232],"ok":[true],"chunk":[24],"ex":[2],"e.ind":[0],"code":["\nivreg(work01 ~ morekids | same_sex, data = Fertility) %>% \n  summary()\n"],"message":[""]}
,
{"type":["check_chunk"],"time":["2022-05-14 00:13:07"],"user":["Imran Mohammad"],"umph":[1652479987.0578],"ok":[false],"chunk":[25],"ex":[2],"e.ind":[1],"code":["\n# enter your code here ...\n"],"message":["\nYou have not yet entered all correct commands in chunk 2_f_2."]}
,
{"type":["check_ps"],"time":["2022-05-14 00:14:10"],"user":["Imran Mohammad"],"umph":[1652480050.6511],"ok":[true]}
,
{"type":["check_chunk"],"time":["2022-05-14 00:14:10"],"user":["Imran Mohammad"],"umph":[1652480050.731],"ok":[false],"chunk":[25],"ex":[2],"e.ind":[1],"code":["\n4\n"],"message":["\nYou have not yet entered all correct commands in chunk 2_f_2."]}
,
{"type":["check_ps"],"time":["2022-05-14 00:15:02"],"user":["Imran Mohammad"],"umph":[1652480102.1612],"ok":[true]}
,
{"type":["check_chunk"],"time":["2022-05-14 00:15:02"],"user":["Imran Mohammad"],"umph":[1652480102.1927],"ok":[false],"chunk":[25],"ex":[2],"e.ind":[1],"code":["\n5\n"],"message":["\nYou have not yet entered all correct commands in chunk 2_f_2."]}
,
{"type":["check_ps"],"time":["2022-05-14 00:15:16"],"user":["Imran Mohammad"],"umph":[1652480116.1262],"ok":[true]}
,
{"type":["check_chunk"],"time":["2022-05-14 00:15:16"],"user":["Imran Mohammad"],"umph":[1652480116.1643],"ok":[false],"chunk":[25],"ex":[2],"e.ind":[1],"code":["\n1\n"],"message":["\nYou have not yet entered all correct commands in chunk 2_f_2."]}
,
{"type":["check_ps"],"time":["2022-05-14 00:15:38"],"user":["Imran Mohammad"],"umph":[1652480138.9625],"ok":[true]}
,
{"type":["check_chunk"],"time":["2022-05-14 00:15:38"],"user":["Imran Mohammad"],"umph":[1652480138.9905],"ok":[true],"chunk":[25],"ex":[2],"e.ind":[0],"code":["\n2\n"],"message":[""]}
,
{"type":["check_chunk"],"time":["2022-05-14 00:15:39"],"user":["Imran Mohammad"],"umph":[1652480139.0184],"ok":[false],"chunk":[26],"ex":[2],"e.ind":[1],"code":["\n# enter your code here ...\n"],"message":["\nYou have not yet entered all correct commands in chunk 2_g."]}
,
{"type":["check_ps"],"time":["2022-05-14 00:16:14"],"user":["Imran Mohammad"],"umph":[1652480174.7262],"ok":[true]}
,
{"type":["check_chunk"],"time":["2022-05-14 00:16:14"],"user":["Imran Mohammad"],"umph":[1652480174.8071],"ok":[false],"chunk":[26],"ex":[2],"e.ind":[1],"code":["\nc(1,3,5)\n"],"message":["\nYou have not yet entered all correct commands in chunk 2_g."]}
,
{"type":["check_ps"],"time":["2022-05-14 00:16:25"],"user":["Imran Mohammad"],"umph":[1652480185.2677],"ok":[true]}
,
{"type":["check_chunk"],"time":["2022-05-14 00:16:25"],"user":["Imran Mohammad"],"umph":[1652480185.2987],"ok":[false],"chunk":[26],"ex":[2],"e.ind":[1],"code":["\nc(3,5)\n"],"message":["\nYou have not yet entered all correct commands in chunk 2_g."]}
,
{"type":["check_ps"],"time":["2022-05-14 00:16:36"],"user":["Imran Mohammad"],"umph":[1652480196.357],"ok":[true]}
,
{"type":["check_chunk"],"time":["2022-05-14 00:16:36"],"user":["Imran Mohammad"],"umph":[1652480196.401],"ok":[false],"chunk":[26],"ex":[2],"e.ind":[1],"code":["\nc(3,4,5)\n"],"message":["\nYou have not yet entered all correct commands in chunk 2_g."]}
,
{"type":["check_ps"],"time":["2022-05-14 00:16:45"],"user":["Imran Mohammad"],"umph":[1652480205.4669],"ok":[true]}
,
{"type":["check_chunk"],"time":["2022-05-14 00:16:45"],"user":["Imran Mohammad"],"umph":[1652480205.5069],"ok":[false],"chunk":[26],"ex":[2],"e.ind":[1],"code":["\nc(4,5)\n"],"message":["\nYou have not yet entered all correct commands in chunk 2_g."]}
,
{"type":["check_ps"],"time":["2022-05-14 00:16:56"],"user":["Imran Mohammad"],"umph":[1652480216.7982],"ok":[true]}
,
{"type":["check_chunk"],"time":["2022-05-14 00:16:56"],"user":["Imran Mohammad"],"umph":[1652480216.8346],"ok":[false],"chunk":[26],"ex":[2],"e.ind":[1],"code":["\nc(5)\n"],"message":["\nYou have not yet entered all correct commands in chunk 2_g."]}
,
{"type":["check_ps"],"time":["2022-05-14 00:17:06"],"user":["Imran Mohammad"],"umph":[1652480226.7655],"ok":[true]}
,
{"type":["check_chunk"],"time":["2022-05-14 00:17:06"],"user":["Imran Mohammad"],"umph":[1652480226.8041],"ok":[false],"chunk":[26],"ex":[2],"e.ind":[1],"code":["\nc(3,5)\n"],"message":["\nYou have not yet entered all correct commands in chunk 2_g."]}
,
{"type":["check_ps"],"time":["2022-05-14 00:17:13"],"user":["Imran Mohammad"],"umph":[1652480233.9381],"ok":[true]}
,
{"type":["check_chunk"],"time":["2022-05-14 00:17:13"],"user":["Imran Mohammad"],"umph":[1652480233.9825],"ok":[false],"chunk":[26],"ex":[2],"e.ind":[1],"code":["\nc(1,5)\n"],"message":["\nYou have not yet entered all correct commands in chunk 2_g."]}
,
{"type":["check_ps"],"time":["2022-05-14 00:17:21"],"user":["Imran Mohammad"],"umph":[1652480241.621],"ok":[true]}
,
{"type":["check_chunk"],"time":["2022-05-14 00:17:21"],"user":["Imran Mohammad"],"umph":[1652480241.659],"ok":[false],"chunk":[26],"ex":[2],"e.ind":[1],"code":["\nc(1,3)\n"],"message":["\nYou have not yet entered all correct commands in chunk 2_g."]}
,
{"type":["check_ps"],"time":["2022-05-14 00:17:27"],"user":["Imran Mohammad"],"umph":[1652480247.2089],"ok":[true]}
,
{"type":["check_chunk"],"time":["2022-05-14 00:17:27"],"user":["Imran Mohammad"],"umph":[1652480247.243],"ok":[false],"chunk":[26],"ex":[2],"e.ind":[1],"code":["\nc(3)\n"],"message":["\nYou have not yet entered all correct commands in chunk 2_g."]}
,
{"type":["check_ps"],"time":["2022-05-14 00:17:35"],"user":["Imran Mohammad"],"umph":[1652480255.2613],"ok":[true]}
,
{"type":["check_chunk"],"time":["2022-05-14 00:17:35"],"user":["Imran Mohammad"],"umph":[1652480255.3036],"ok":[false],"chunk":[26],"ex":[2],"e.ind":[1],"code":["\nc(3)\n"],"message":["\nYou have not yet entered all correct commands in chunk 2_g."]}
,
{"type":["hint"],"time":["2022-05-14 00:17:40"],"user":["Imran Mohammad"],"umph":[1652480260.9872],"ok":[true],"chunk":[26],"ex":[2],"e.ind":[1]}
,
{"type":["check_ps"],"time":["2022-05-14 00:18:03"],"user":["Imran Mohammad"],"umph":[1652480283.3611],"ok":[true]}
,
{"type":["check_chunk"],"time":["2022-05-14 00:18:03"],"user":["Imran Mohammad"],"umph":[1652480283.3924],"ok":[false],"chunk":[26],"ex":[2],"e.ind":[1],"code":["\nc(1)\n"],"message":["\nYou have not yet entered all correct commands in chunk 2_g."]}
,
{"type":["check_ps"],"time":["2022-05-14 00:18:10"],"user":["Imran Mohammad"],"umph":[1652480290.4619],"ok":[true]}
,
{"type":["check_chunk"],"time":["2022-05-14 00:18:10"],"user":["Imran Mohammad"],"umph":[1652480290.5379],"ok":[false],"chunk":[26],"ex":[2],"e.ind":[1],"code":["\nc(1)\n"],"message":["\nYou have not yet entered all correct commands in chunk 2_g."]}
,
{"type":["check_ps"],"time":["2022-05-14 00:18:20"],"user":["Imran Mohammad"],"umph":[1652480300.9527],"ok":[true]}
,
{"type":["check_chunk"],"time":["2022-05-14 00:18:20"],"user":["Imran Mohammad"],"umph":[1652480300.9891],"ok":[false],"chunk":[26],"ex":[2],"e.ind":[1],"code":["\nc(2)\n"],"message":["\nYou have not yet entered all correct commands in chunk 2_g."]}
,
{"type":["check_ps"],"time":["2022-05-14 00:18:37"],"user":["Imran Mohammad"],"umph":[1652480317.9953],"ok":[true]}
,
{"type":["check_chunk"],"time":["2022-05-14 00:18:38"],"user":["Imran Mohammad"],"umph":[1652480318.0662],"ok":[false],"chunk":[26],"ex":[2],"e.ind":[1],"code":["\nc(3)\n"],"message":["\nYou have not yet entered all correct commands in chunk 2_g."]}
,
{"type":["check_ps"],"time":["2022-05-14 00:18:45"],"user":["Imran Mohammad"],"umph":[1652480325.6949],"ok":[true]}
,
{"type":["check_chunk"],"time":["2022-05-14 00:18:45"],"user":["Imran Mohammad"],"umph":[1652480325.7269],"ok":[false],"chunk":[26],"ex":[2],"e.ind":[1],"code":["\nc(4)\n"],"message":["\nYou have not yet entered all correct commands in chunk 2_g."]}
,
{"type":["check_ps"],"time":["2022-05-14 00:18:53"],"user":["Imran Mohammad"],"umph":[1652480333.9652],"ok":[true]}
,
{"type":["check_chunk"],"time":["2022-05-14 00:18:54"],"user":["Imran Mohammad"],"umph":[1652480334.0122],"ok":[false],"chunk":[26],"ex":[2],"e.ind":[1],"code":["\nc(5)\n"],"message":["\nYou have not yet entered all correct commands in chunk 2_g."]}
,
{"type":["check_ps"],"time":["2022-05-14 00:19:16"],"user":["Imran Mohammad"],"umph":[1652480356.3313],"ok":[true]}
,
{"type":["check_chunk"],"time":["2022-05-14 00:19:16"],"user":["Imran Mohammad"],"umph":[1652480356.3672],"ok":[false],"chunk":[26],"ex":[2],"e.ind":[1],"code":["\nc(1,3,4,5)\n"],"message":["\nYou have not yet entered all correct commands in chunk 2_g."]}
,
{"type":["check_ps"],"time":["2022-05-14 00:20:21"],"user":["Imran Mohammad"],"umph":[1652480421.5493],"ok":[true]}
,
{"type":["check_chunk"],"time":["2022-05-14 00:20:21"],"user":["Imran Mohammad"],"umph":[1652480421.5992],"ok":[false],"chunk":[26],"ex":[2],"e.ind":[1],"code":["\nc(1,3,4)\n"],"message":["\nYou have not yet entered all correct commands in chunk 2_g."]}
,
{"type":["check_ps"],"time":["2022-05-14 00:20:35"],"user":["Imran Mohammad"],"umph":[1652480435.1844],"ok":[true]}
,
{"type":["check_chunk"],"time":["2022-05-14 00:20:35"],"user":["Imran Mohammad"],"umph":[1652480435.2284],"ok":[false],"chunk":[26],"ex":[2],"e.ind":[1],"code":["\nc(1,4)\n"],"message":["\nYou have not yet entered all correct commands in chunk 2_g."]}
,
{"type":["check_ps"],"time":["2022-05-14 00:21:04"],"user":["Imran Mohammad"],"umph":[1652480464.0078],"ok":[true]}
,
{"type":["check_chunk"],"time":["2022-05-14 00:21:04"],"user":["Imran Mohammad"],"umph":[1652480464.0478],"ok":[false],"chunk":[26],"ex":[2],"e.ind":[1],"code":["\nc(1,3)\n"],"message":["\nYou have not yet entered all correct commands in chunk 2_g."]}
,
{"type":["check_ps"],"time":["2022-05-14 00:21:53"],"user":["Imran Mohammad"],"umph":[1652480513.258],"ok":[true]}
,
{"type":["check_chunk"],"time":["2022-05-14 00:21:53"],"user":["Imran Mohammad"],"umph":[1652480513.3555],"ok":[false],"chunk":[26],"ex":[2],"e.ind":[1],"code":["\nc(1,4,5)\n"],"message":["\nYou have not yet entered all correct commands in chunk 2_g."]}
,
{"type":["check_ps"],"time":["2022-05-14 00:22:06"],"user":["Imran Mohammad"],"umph":[1652480526.8093],"ok":[true]}
,
{"type":["check_chunk"],"time":["2022-05-14 00:22:06"],"user":["Imran Mohammad"],"umph":[1652480526.8523],"ok":[false],"chunk":[26],"ex":[2],"e.ind":[1],"code":["\nc(1,5)\n"],"message":["\nYou have not yet entered all correct commands in chunk 2_g."]}
,
{"type":["check_ps"],"time":["2022-05-14 00:22:59"],"user":["Imran Mohammad"],"umph":[1652480579.0021],"ok":[true]}
,
{"type":["check_chunk"],"time":["2022-05-14 00:22:59"],"user":["Imran Mohammad"],"umph":[1652480579.0323],"ok":[false],"chunk":[26],"ex":[2],"e.ind":[1],"code":["\nc(3,5)\n"],"message":["\nYou have not yet entered all correct commands in chunk 2_g."]}
,
{"type":["check_ps"],"time":["2022-05-14 00:23:07"],"user":["Imran Mohammad"],"umph":[1652480587.2846],"ok":[true]}
,
{"type":["check_chunk"],"time":["2022-05-14 00:23:07"],"user":["Imran Mohammad"],"umph":[1652480587.3326],"ok":[false],"chunk":[26],"ex":[2],"e.ind":[1],"code":["\nc(4,5)\n"],"message":["\nYou have not yet entered all correct commands in chunk 2_g."]}
,
{"type":["check_ps"],"time":["2022-05-14 00:23:24"],"user":["Imran Mohammad"],"umph":[1652480604.4113],"ok":[true]}
,
{"type":["check_chunk"],"time":["2022-05-14 00:23:24"],"user":["Imran Mohammad"],"umph":[1652480604.4492],"ok":[false],"chunk":[26],"ex":[2],"e.ind":[1],"code":["\nc(3,4,5)\n"],"message":["\nYou have not yet entered all correct commands in chunk 2_g."]}
,
{"type":["check_ps"],"time":["2022-05-14 00:23:31"],"user":["Imran Mohammad"],"umph":[1652480611.7025],"ok":[true]}
,
{"type":["check_chunk"],"time":["2022-05-14 00:23:31"],"user":["Imran Mohammad"],"umph":[1652480611.7534],"ok":[false],"chunk":[26],"ex":[2],"e.ind":[1],"code":["\nc(3,4,5)\n"],"message":["\nYou have not yet entered all correct commands in chunk 2_g."]}
,
{"type":["check_ps"],"time":["2022-05-14 00:24:03"],"user":["Imran Mohammad"],"umph":[1652480643.1375],"ok":[true]}
,
{"type":["check_chunk"],"time":["2022-05-14 00:24:03"],"user":["Imran Mohammad"],"umph":[1652480643.1834],"ok":[false],"chunk":[26],"ex":[2],"e.ind":[1],"code":["\nc(3,4)\n"],"message":["\nYou have not yet entered all correct commands in chunk 2_g."]}
,
{"type":["check_ps"],"time":["2022-05-14 00:26:06"],"user":["Imran Mohammad"],"umph":[1652480766.0623],"ok":[true]}
,
{"type":["check_chunk"],"time":["2022-05-14 00:26:06"],"user":["Imran Mohammad"],"umph":[1652480766.1412],"ok":[false],"chunk":[26],"ex":[2],"e.ind":[1],"code":["\nc(1,4,5)\n"],"message":["\nYou have not yet entered all correct commands in chunk 2_g."]}
,
{"type":["check_ps"],"time":["2022-05-14 00:26:19"],"user":["Imran Mohammad"],"umph":[1652480779.9641],"ok":[true]}
,
{"type":["check_chunk"],"time":["2022-05-14 00:26:19"],"user":["Imran Mohammad"],"umph":[1652480779.9962],"ok":[false],"chunk":[26],"ex":[2],"e.ind":[1],"code":["\nc(3,4,5)\n"],"message":["\nYou have not yet entered all correct commands in chunk 2_g."]}
,
{"type":["check_ps"],"time":["2022-05-14 00:26:36"],"user":["Imran Mohammad"],"umph":[1652480796.4739],"ok":[true]}
,
{"type":["check_chunk"],"time":["2022-05-14 00:26:36"],"user":["Imran Mohammad"],"umph":[1652480796.5059],"ok":[false],"chunk":[26],"ex":[2],"e.ind":[1],"code":["\nc(1,4)\n"],"message":["\nYou have not yet entered all correct commands in chunk 2_g."]}
,
{"type":["check_ps"],"time":["2022-05-14 00:26:48"],"user":["Imran Mohammad"],"umph":[1652480808.3792],"ok":[true]}
,
{"type":["check_chunk"],"time":["2022-05-14 00:26:48"],"user":["Imran Mohammad"],"umph":[1652480808.4462],"ok":[false],"chunk":[26],"ex":[2],"e.ind":[1],"code":["\nc(1,3)\n"],"message":["\nYou have not yet entered all correct commands in chunk 2_g."]}
,
{"type":["check_ps"],"time":["2022-05-14 00:27:00"],"user":["Imran Mohammad"],"umph":[1652480820.6272],"ok":[true]}
,
{"type":["check_chunk"],"time":["2022-05-14 00:27:00"],"user":["Imran Mohammad"],"umph":[1652480820.6582],"ok":[false],"chunk":[26],"ex":[2],"e.ind":[1],"code":["\nc(1,4)\n"],"message":["\nYou have not yet entered all correct commands in chunk 2_g."]}
,
{"type":["check_ps"],"time":["2022-05-14 00:27:10"],"user":["Imran Mohammad"],"umph":[1652480830.1191],"ok":[true]}
,
{"type":["check_chunk"],"time":["2022-05-14 00:27:10"],"user":["Imran Mohammad"],"umph":[1652480830.1501],"ok":[false],"chunk":[26],"ex":[2],"e.ind":[1],"code":["\nc(1,5)\n"],"message":["\nYou have not yet entered all correct commands in chunk 2_g."]}
,
{"type":["check_ps"],"time":["2022-05-14 00:28:46"],"user":["Imran Mohammad"],"umph":[1652480926.0473],"ok":[true]}
,
{"type":["check_chunk"],"time":["2022-05-14 00:28:46"],"user":["Imran Mohammad"],"umph":[1652480926.0843],"ok":[false],"chunk":[26],"ex":[2],"e.ind":[1],"code":["\nc(1,4,5)\n"],"message":["\nYou have not yet entered all correct commands in chunk 2_g."]}
,
{"type":["check_ps"],"time":["2022-05-14 00:28:59"],"user":["Imran Mohammad"],"umph":[1652480939.9095],"ok":[true]}
,
{"type":["check_chunk"],"time":["2022-05-14 00:28:59"],"user":["Imran Mohammad"],"umph":[1652480939.9441],"ok":[false],"chunk":[26],"ex":[2],"e.ind":[1],"code":["\nc(1,3,4)\n"],"message":["\nYou have not yet entered all correct commands in chunk 2_g."]}
,
{"type":["check_ps"],"time":["2022-05-14 00:34:42"],"user":["Imran Mohammad"],"umph":[1652481282.4272],"ok":[true]}
,
{"type":["check_chunk"],"time":["2022-05-14 00:34:42"],"user":["Imran Mohammad"],"umph":[1652481282.4978],"ok":[false],"chunk":[26],"ex":[2],"e.ind":[1],"code":["\nc(3)\n"],"message":["\nYou have not yet entered all correct commands in chunk 2_g."]}
,
{"type":["check_ps"],"time":["2022-05-14 00:35:58"],"user":["Imran Mohammad"],"umph":[1652481358.0954],"ok":[true]}
,
{"type":["check_chunk"],"time":["2022-05-14 00:35:58"],"user":["Imran Mohammad"],"umph":[1652481358.1544],"ok":[false],"chunk":[26],"ex":[2],"e.ind":[1],"code":["\nc(1)\n"],"message":["\nYou have not yet entered all correct commands in chunk 2_g."]}
,
{"type":["check_ps"],"time":["2022-05-14 00:36:15"],"user":["Imran Mohammad"],"umph":[1652481375.3756],"ok":[true]}
,
{"type":["check_chunk"],"time":["2022-05-14 00:36:15"],"user":["Imran Mohammad"],"umph":[1652481375.4211],"ok":[false],"chunk":[26],"ex":[2],"e.ind":[1],"code":["\nc(2)\n"],"message":["\nYou have not yet entered all correct commands in chunk 2_g."]}
,
{"type":["check_ps"],"time":["2022-05-14 00:36:43"],"user":["Imran Mohammad"],"umph":[1652481403.7454],"ok":[true]}
,
{"type":["check_chunk"],"time":["2022-05-14 00:36:43"],"user":["Imran Mohammad"],"umph":[1652481403.7797],"ok":[false],"chunk":[26],"ex":[2],"e.ind":[1],"code":["\nc(3)\n"],"message":["\nYou have not yet entered all correct commands in chunk 2_g."]}
,
{"type":["check_ps"],"time":["2022-05-14 00:36:58"],"user":["Imran Mohammad"],"umph":[1652481418.4132],"ok":[true]}
,
{"type":["check_chunk"],"time":["2022-05-14 00:36:58"],"user":["Imran Mohammad"],"umph":[1652481418.5261],"ok":[false],"chunk":[26],"ex":[2],"e.ind":[1],"code":["\nc(4)\n"],"message":["\nYou have not yet entered all correct commands in chunk 2_g."]}
,
{"type":["check_ps"],"time":["2022-05-14 00:37:09"],"user":["Imran Mohammad"],"umph":[1652481429.9863],"ok":[true]}
,
{"type":["check_chunk"],"time":["2022-05-14 00:37:10"],"user":["Imran Mohammad"],"umph":[1652481430.0187],"ok":[false],"chunk":[26],"ex":[2],"e.ind":[1],"code":["\nc(5)\n"],"message":["\nYou have not yet entered all correct commands in chunk 2_g."]}
,
{"type":["check_ps"],"time":["2022-05-14 00:37:27"],"user":["Imran Mohammad"],"umph":[1652481447.1727],"ok":[true]}
,
{"type":["check_chunk"],"time":["2022-05-14 00:37:27"],"user":["Imran Mohammad"],"umph":[1652481447.2056],"ok":[false],"chunk":[26],"ex":[2],"e.ind":[1],"code":["\nc(1,2,3,4,5)\n"],"message":["\nYou have not yet entered all correct commands in chunk 2_g."]}
,
{"type":["check_ps"],"time":["2022-05-14 00:37:43"],"user":["Imran Mohammad"],"umph":[1652481463.2485],"ok":[true]}
,
{"type":["check_chunk"],"time":["2022-05-14 00:37:43"],"user":["Imran Mohammad"],"umph":[1652481463.3115],"ok":[false],"chunk":[26],"ex":[2],"e.ind":[1],"code":["\nc(1,2,3,4)\n"],"message":["\nYou have not yet entered all correct commands in chunk 2_g."]}
,
{"type":["check_ps"],"time":["2022-05-14 00:37:49"],"user":["Imran Mohammad"],"umph":[1652481469.3525],"ok":[true]}
,
{"type":["check_chunk"],"time":["2022-05-14 00:37:49"],"user":["Imran Mohammad"],"umph":[1652481469.3935],"ok":[true],"chunk":[26],"ex":[2],"e.ind":[0],"code":["\nc(1,2,3)\n"],"message":[""]}
,
{"type":["check_chunk"],"time":["2022-05-14 00:37:49"],"user":["Imran Mohammad"],"umph":[1652481469.4405],"ok":[false],"chunk":[6],"ex":[1],"e.ind":[1],"code":["\n\"unterschätzen\"\n"],"message":["\nYou have not yet entered all correct commands in chunk 1_f."]}
,
{"type":["check_ps"],"time":["2022-05-14 00:38:32"],"user":["Imran Mohammad"],"umph":[1652481512.5969],"ok":[true]}
,
{"type":["check_chunk"],"time":["2022-05-14 00:38:32"],"user":["Imran Mohammad"],"umph":[1652481512.6561],"ok":[false],"chunk":[6],"ex":[1],"e.ind":[1],"code":["\n\"unterschätzen\"\n"],"message":["\nYou have not yet entered all correct commands in chunk 1_f."]}
,
{"type":["check_ps"],"time":["2022-05-14 00:38:52"],"user":["Imran Mohammad"],"umph":[1652481532.6085],"ok":[true]}
,
{"type":["check_chunk"],"time":["2022-05-14 00:38:52"],"user":["Imran Mohammad"],"umph":[1652481532.6374],"ok":[false],"chunk":[6],"ex":[1],"e.ind":[1],"code":["\n\"überschätzen\"\n"],"message":["\nYou have not yet entered all correct commands in chunk 1_f."]}
,
{"type":["check_ps"],"time":["2022-05-14 00:39:38"],"user":["Imran Mohammad"],"umph":[1652481578.4924],"ok":[true]}
,
{"type":["check_chunk"],"time":["2022-05-14 00:39:38"],"user":["Imran Mohammad"],"umph":[1652481578.5244],"ok":[false],"chunk":[6],"ex":[1],"e.ind":[1],"code":["\n\"überschätzen\"\n"],"message":["\nYou have not yet entered all correct commands in chunk 1_f."]}
,
{"type":["check_ps"],"time":["2022-05-14 00:39:51"],"user":["Imran Mohammad"],"umph":[1652481591.1364],"ok":[true]}
,
{"type":["check_chunk"],"time":["2022-05-14 00:39:51"],"user":["Imran Mohammad"],"umph":[1652481591.1754],"ok":[false],"chunk":[6],"ex":[1],"e.ind":[1],"code":["\n\"unterschätzen\"\n"],"message":["\nYou have not yet entered all correct commands in chunk 1_f."]}
,
{"type":["check_ps"],"time":["2022-05-14 00:41:29"],"user":["Imran Mohammad"],"umph":[1652481689.8145],"ok":[true]}
,
{"type":["check_chunk"],"time":["2022-05-14 00:41:29"],"user":["Imran Mohammad"],"umph":[1652481689.8499],"ok":[false],"chunk":[6],"ex":[1],"e.ind":[1],"code":["\n\"überschätzen\"\n"],"message":["\nYou have not yet entered all correct commands in chunk 1_f."]}
,
{"type":["hint"],"time":["2022-05-14 00:41:34"],"user":["Imran Mohammad"],"umph":[1652481694.5558],"ok":[true],"chunk":[6],"ex":[1],"e.ind":[1]}
,
{"type":["check_ps"],"time":["2022-05-14 00:42:01"],"user":["Imran Mohammad"],"umph":[1652481721.5982],"ok":[true]}
,
{"type":["check_chunk"],"time":["2022-05-14 00:42:01"],"user":["Imran Mohammad"],"umph":[1652481721.6706],"ok":[false],"chunk":[6],"ex":[1],"e.ind":[1],"code":["\n\"unterschätzen\"\n"],"message":["\nYou have not yet entered all correct commands in chunk 1_f."]}
,
{"type":["check_ps"],"time":["2022-05-14 00:43:46"],"user":["Imran Mohammad"],"umph":[1652481826.8737],"ok":[true]}
,
{"type":["check_chunk"],"time":["2022-05-14 00:43:46"],"user":["Imran Mohammad"],"umph":[1652481826.9049],"ok":[false],"chunk":[6],"ex":[1],"e.ind":[1],"code":["\n\"überschätzen\"\n"],"message":["\nYou have not yet entered all correct commands in chunk 1_f."]}
,
{"type":["check_ps"],"time":["2022-05-14 00:43:55"],"user":["Imran Mohammad"],"umph":[1652481835.119],"ok":[true]}
,
{"type":["check_chunk"],"time":["2022-05-14 00:43:55"],"user":["Imran Mohammad"],"umph":[1652481835.168],"ok":[false],"chunk":[6],"ex":[1],"e.ind":[1],"code":["\n\"überschätzen\"\n"],"message":["\nYou have not yet entered all correct commands in chunk 1_f."]}
,
{"type":["check_ps"],"time":["2022-05-14 00:45:06"],"user":["Imran Mohammad"],"umph":[1652481906.2466],"ok":[true]}
,
{"type":["check_chunk"],"time":["2022-05-14 00:45:06"],"user":["Imran Mohammad"],"umph":[1652481906.3075],"ok":[false],"chunk":[6],"ex":[1],"e.ind":[1],"code":["\n\"unterschätzen\"\n"],"message":["\nYou have not yet entered all correct commands in chunk 1_f."]}
,
{"type":["check_ps"],"time":["2022-05-14 00:45:20"],"user":["Imran Mohammad"],"umph":[1652481920.8181],"ok":[true]}
,
{"type":["check_chunk"],"time":["2022-05-14 00:45:20"],"user":["Imran Mohammad"],"umph":[1652481920.8551],"ok":[false],"chunk":[6],"ex":[1],"e.ind":[1],"code":["\n\"\"\n"],"message":["\nYou have not yet entered all correct commands in chunk 1_f."]}
,
{"type":["check_ps"],"time":["2022-05-14 00:49:04"],"user":["Imran Mohammad"],"umph":[1652482144.5454],"ok":[true]}
,
{"type":["check_chunk"],"time":["2022-05-14 00:49:04"],"user":["Imran Mohammad"],"umph":[1652482144.66],"ok":[false],"chunk":[6],"ex":[1],"e.ind":[1],"code":["\n\"\"\n"],"message":["\nYou have not yet entered all correct commands in chunk 1_f."]}
,
{"type":["check_ps"],"time":["2022-05-14 00:49:49"],"user":["Imran Mohammad"],"umph":[1652482189.637],"ok":[true]}
,
{"type":["check_chunk"],"time":["2022-05-14 00:49:49"],"user":["Imran Mohammad"],"umph":[1652482189.678],"ok":[false],"chunk":[6],"ex":[1],"e.ind":[1],"code":["\n\"überschätzen\"\n"],"message":["\nYou have not yet entered all correct commands in chunk 1_f."]}
,
{"type":["check_ps"],"time":["2022-05-14 00:50:18"],"user":["Imran Mohammad"],"umph":[1652482218.0146],"ok":[true]}
,
{"type":["check_chunk"],"time":["2022-05-14 00:50:18"],"user":["Imran Mohammad"],"umph":[1652482218.0493],"ok":[false],"chunk":[6],"ex":[1],"e.ind":[1],"code":["\n\"unterschätzen\"\n"],"message":["\nYou have not yet entered all correct commands in chunk 1_f."]}
,
{"type":["hint"],"time":["2022-05-14 00:50:34"],"user":["Imran Mohammad"],"umph":[1652482234.6809],"ok":[true],"chunk":[6],"ex":[1],"e.ind":[1]}
,
{"type":["check_ps"],"time":["2022-05-14 00:51:27"],"user":["Imran Mohammad"],"umph":[1652482287.8228],"ok":[true]}
,
{"type":["check_chunk"],"time":["2022-05-14 00:51:27"],"user":["Imran Mohammad"],"umph":[1652482287.8469],"ok":[false],"chunk":[6],"ex":[1],"e.ind":[1],"code":["\n\"überschätzen\"\n"],"message":["\nYou have not yet entered all correct commands in chunk 1_f."]}
,
{"type":["check_ps"],"time":["2022-05-14 00:51:34"],"user":["Imran Mohammad"],"umph":[1652482294.3152],"ok":[true]}
,
{"type":["check_chunk"],"time":["2022-05-14 00:51:34"],"user":["Imran Mohammad"],"umph":[1652482294.3619],"ok":[false],"chunk":[6],"ex":[1],"e.ind":[1],"code":["\n\"überschätzen\"\n"],"message":["\nYou have not yet entered all correct commands in chunk 1_f."]}
,
{"type":["check_ps"],"time":["2022-05-14 00:51:55"],"user":["Imran Mohammad"],"umph":[1652482315.6664],"ok":[true]}
,
{"type":["check_chunk"],"time":["2022-05-14 00:51:55"],"user":["Imran Mohammad"],"umph":[1652482315.682],"ok":[false],"chunk":[6],"ex":[1],"e.ind":[1],"code":["\n\"unterschätzen\"\n"],"message":["\nYou have not yet entered all correct commands in chunk 1_f."]}
,
{"type":["check_ps"],"time":["2022-05-14 00:54:42"],"user":["Imran Mohammad"],"umph":[1652482482.9371],"ok":[true]}
,
{"type":["check_chunk"],"time":["2022-05-14 00:54:42"],"user":["Imran Mohammad"],"umph":[1652482482.9822],"ok":[false],"chunk":[6],"ex":[1],"e.ind":[1],"code":["\n\n"],"message":["\nYou have not yet entered all correct commands in chunk 1_f."]}
,
{"type":["check_ps"],"time":["2022-05-14 00:55:01"],"user":["Imran Mohammad"],"umph":[1652482501.3368],"ok":[true]}
,
{"type":["check_chunk"],"time":["2022-05-14 00:55:01"],"user":["Imran Mohammad"],"umph":[1652482501.3681],"ok":[false],"chunk":[6],"ex":[1],"e.ind":[1],"code":["\n\"überschätzen\"\n"],"message":["\nYou have not yet entered all correct commands in chunk 1_f."]}
,
{"type":["check_ps"],"time":["2022-05-14 00:55:15"],"user":["Imran Mohammad"],"umph":[1652482515.4589],"ok":[true]}
,
{"type":["check_chunk"],"time":["2022-05-14 00:55:15"],"user":["Imran Mohammad"],"umph":[1652482515.4751],"ok":[false],"chunk":[6],"ex":[1],"e.ind":[1],"code":["\n\"unterschätzen\"\n"],"message":["\nYou have not yet entered all correct commands in chunk 1_f."]}
,
{"type":["check_ps"],"time":["2022-05-14 00:55:45"],"user":["Imran Mohammad"],"umph":[1652482545.4209],"ok":[true]}
,
{"type":["check_chunk"],"time":["2022-05-14 00:55:45"],"user":["Imran Mohammad"],"umph":[1652482545.465],"ok":[false],"chunk":[6],"ex":[1],"e.ind":[1],"code":["\n\"überschätzen\"\n"],"message":["\nYou have not yet entered all correct commands in chunk 1_f."]}
,
{"type":["grade_ps"],"time":["2022-05-14 00:56:17"],"user":["Imran Mohammad"],"umph":[1652482577.4247],"ok":[true]}
,
{"type":["init_ps"],"time":["2022-05-14 00:56:21"],"user":["Imran Mohammad"],"umph":[1652482581.8802],"ok":[true]}
,
{"type":["check_chunk"],"time":["2022-05-14 00:56:21"],"user":["Imran Mohammad"],"umph":[1652482581.9581],"ok":[true],"chunk":[1],"ex":[1],"e.ind":[0],"code":["\n2\n"],"message":[""]}
,
{"type":["check_chunk"],"time":["2022-05-14 00:56:21"],"user":["Imran Mohammad"],"umph":[1652482581.9866],"ok":[true],"chunk":[2],"ex":[1],"e.ind":[0],"code":["\n\"nein\"\n"],"message":[""]}
,
{"type":["check_chunk"],"time":["2022-05-14 00:56:26"],"user":["Imran Mohammad"],"umph":[1652482586.1374],"ok":[true],"chunk":[3],"ex":[1],"e.ind":[0],"code":["thp <- read_csv(\"./data/THP_clean.csv\") %>%\n  select(newid, uc, depressed_1y, treat, age_baseline, age_baseline_sq, kids_no, famstruct_baseline, grandmother_baseline, edu_mo, edu_fa, employed_mo_baseline, incomeindex, depindex_0, mspss_tot)\n\nskim(thp)\n"],"message":[""]}
,
{"type":["check_chunk"],"time":["2022-05-14 00:56:26"],"user":["Imran Mohammad"],"umph":[1652482586.6953],"ok":[true],"chunk":[4],"ex":[1],"e.ind":[0],"code":["thp_plots <- thp %>%\n  mutate(treat_factor = as.factor(ifelse(treat == 1 , \"Treatment\", \"Kontrolle\")),\n         depressed = as.factor(ifelse(depressed_1y == 0, \"keine Depressionen\", \"Depressionen\"))) %>%\n  filter( !is.na(depressed)) \nplot_prop_depression <- ggplot(thp_plots, aes(x = depressed, fill = treat_factor)) +\n  geom_bar(position = \"fill\") +\n  labs(x = NULL, y = \"Anteil an Depressionen\", fill = NULL) +\n  scale_fill_manual(values = c(\"darkblue\", \"darkred\"))\n\nplot_prop_depression\n"],"message":[""]}
,
{"type":["check_chunk"],"time":["2022-05-14 00:56:27"],"user":["Imran Mohammad"],"umph":[1652482587.1545],"ok":[true],"chunk":[5],"ex":[1],"e.ind":[0],"code":["\n\"ja\"\n"],"message":[""]}
,
{"type":["check_chunk"],"time":["2022-05-14 00:56:27"],"user":["Imran Mohammad"],"umph":[1652482587.1866],"ok":[false],"chunk":[6],"ex":[1],"e.ind":[1],"code":["\n\"überschätzen\"\n"],"message":["\nYou have not yet entered all correct commands in chunk 1_f."]}
,
{"type":["check_chunk"],"time":["2022-05-14 00:56:33"],"user":["Imran Mohammad"],"umph":[1652482593.1709],"ok":[true],"chunk":[13],"ex":[2],"e.ind":[0],"code":["library(AER)\ndata(Fertility)\nhead(Fertility)\nskim(Fertility)"],"message":[""]}
,
{"type":["check_chunk"],"time":["2022-05-14 00:56:33"],"user":["Imran Mohammad"],"umph":[1652482593.2469],"ok":[true],"chunk":[14],"ex":[2],"e.ind":[0],"code":["\n2\n"],"message":[""]}
,
{"type":["check_chunk"],"time":["2022-05-14 00:56:34"],"user":["Imran Mohammad"],"umph":[1652482594.8425],"ok":[true],"chunk":[15],"ex":[2],"e.ind":[0],"code":["Fertility <- Fertility %>%\n  mutate(work01 = case_when(work > 0 ~ 1,\n                            work == 0 ~ 0))\n\nreg1 <- lm(work01 ~ morekids, data=Fertility)\n\n\nsummary(reg1)\n"],"message":[""]}
,
{"type":["check_chunk"],"time":["2022-05-14 00:56:34"],"user":["Imran Mohammad"],"umph":[1652482594.8665],"ok":[true],"chunk":[16],"ex":[2],"e.ind":[0],"code":["\n2\n"],"message":[""]}
,
{"type":["check_chunk"],"time":["2022-05-14 00:56:35"],"user":["Imran Mohammad"],"umph":[1652482595.0505],"ok":[true],"chunk":[17],"ex":[2],"e.ind":[0],"code":["grViz('digraph G {\n\nx [label=\"erklärende Variable x\"]\ny [label=\"abhängige Variable y\"]\nz [label=\"Instrument z\"]\n\nx -> y [label=\"+\"];\nz -> x [label=\"+\"];\nz -> y [label=\"+\"];\n}')"],"message":[""]}
,
{"type":["check_chunk"],"time":["2022-05-14 00:56:35"],"user":["Imran Mohammad"],"umph":[1652482595.2464],"ok":[true],"chunk":[18],"ex":[2],"e.ind":[0],"code":["grViz('digraph G {\n\nx [label=\"erklärende Variable x\"]\ny [label=\"abhängige Variable y\"]\nz [label=\"Instrument z\"]\n\nx -> y [label=\"-\"];\nz -> y [label=\"+\"];\n}')"],"message":[""]}
,
{"type":["check_chunk"],"time":["2022-05-14 00:56:35"],"user":["Imran Mohammad"],"umph":[1652482595.4424],"ok":[true],"chunk":[19],"ex":[2],"e.ind":[0],"code":["grViz('digraph G {\n\nx [label=\"erklärende Variable x\"]\ny [label=\"abhängige Variable y\"]\nz [label=\"Instrument z\"]\n\nx -> y [label=\"-\"];\nz -> x [label=\"+\"];\n}')"],"message":[""]}
,
{"type":["check_chunk"],"time":["2022-05-14 00:56:35"],"user":["Imran Mohammad"],"umph":[1652482595.5183],"ok":[true],"chunk":[20],"ex":[2],"e.ind":[0],"code":["\n3\n"],"message":[""]}
,
{"type":["check_chunk"],"time":["2022-05-14 00:56:38"],"user":["Imran Mohammad"],"umph":[1652482598.6256],"ok":[true],"chunk":[21],"ex":[2],"e.ind":[0],"code":["Fertility <- Fertility %>%\n  mutate(morekids = ifelse(morekids== \"yes\", 1, 0)) %>%\n  mutate(afam = ifelse(afam== \"yes\", 1, 0)) %>%\n  mutate(same_sex = ifelse(gender1== gender2, 1, 0))\n  \nreg1 <-  Fertility %>%\n  lm(morekids ~ gender2, data=.)\n\nreg2 <- Fertility %>%\n  lm(morekids ~ afam, data=.)\n\n reg3 <- Fertility %>%\n  lm(morekids ~ same_sex, data=.)\n\n stargazer(reg1, reg2, reg3, type = \"text\", digits=3)"],"message":[""]}
,
{"type":["check_chunk"],"time":["2022-05-14 00:56:38"],"user":["Imran Mohammad"],"umph":[1652482598.6655],"ok":[true],"chunk":[22],"ex":[2],"e.ind":[0],"code":["\n3\n"],"message":[""]}
,
{"type":["check_chunk"],"time":["2022-05-14 00:56:39"],"user":["Imran Mohammad"],"umph":[1652482599.5165],"ok":[true],"chunk":[23],"ex":[2],"e.ind":[0],"code":["\nivreg(work01 ~ morekids | same_sex, data = Fertility) %>% \n  summary(diagnostics=TRUE)\n"],"message":[""]}
,
{"type":["check_chunk"],"time":["2022-05-14 00:56:40"],"user":["Imran Mohammad"],"umph":[1652482600.1203],"ok":[true],"chunk":[24],"ex":[2],"e.ind":[0],"code":["\nivreg(work01 ~ morekids | same_sex, data = Fertility) %>% \n  summary()\n"],"message":[""]}
,
{"type":["check_chunk"],"time":["2022-05-14 00:56:40"],"user":["Imran Mohammad"],"umph":[1652482600.1403],"ok":[true],"chunk":[25],"ex":[2],"e.ind":[0],"code":["\n2\n"],"message":[""]}
,
{"type":["check_chunk"],"time":["2022-05-14 00:56:40"],"user":["Imran Mohammad"],"umph":[1652482600.1683],"ok":[true],"chunk":[26],"ex":[2],"e.ind":[0],"code":["\nc(1,2,3)\n"],"message":[""]}
,
